2017-03-22 12:44:35,677 root         INFO     _________SCRIPT START________CURRENT_TIMESTAMP
2017-03-22 12:44:35,694 requests.packages.urllib3.connectionpool INFO     Starting new HTTPS connection (1): publicsuffix.org
2017-03-22 12:44:36,279 tldextract   WARNING  unable to cache TLDs in file /usr/local/lib/python3.5/dist-packages/tldextract/.tld_set: [Errno 13] Permission denied: '/usr/local/lib/python3.5/dist-packages/tldextract/.tld_set'
2017-03-22 12:44:36,288 requests.packages.urllib3.connectionpool INFO     Starting new HTTP connection (1): cnn.com
2017-03-22 12:44:36,481 requests.packages.urllib3.connectionpool INFO     Starting new HTTP connection (1): www.cnn.com
2017-03-22 12:44:36,744 requests.packages.urllib3.connectionpool INFO     Starting new HTTP connection (1): cnn.com
2017-03-22 12:44:36,750 requests.packages.urllib3.connectionpool INFO     Starting new HTTP connection (1): cnn.com
2017-03-22 12:44:36,940 requests.packages.urllib3.connectionpool INFO     Starting new HTTP connection (1): www.cnn.com
2017-03-22 12:44:37,255 requests.packages.urllib3.connectionpool INFO     Starting new HTTP connection (1): cnn.it
2017-03-22 12:44:37,527 requests.packages.urllib3.connectionpool INFO     Starting new HTTP connection (1): www.cnn.com
2017-03-22 12:44:37,820 requests.packages.urllib3.connectionpool INFO     Starting new HTTP connection (1): cnn.com
2017-03-22 12:44:37,957 requests.packages.urllib3.connectionpool INFO     Starting new HTTP connection (1): www.cnn.com
2017-03-22 12:44:38,190 requests.packages.urllib3.connectionpool INFO     Starting new HTTP connection (1): tours.cnn.com
2017-03-22 12:44:38,552 requests.packages.urllib3.connectionpool INFO     Starting new HTTP connection (1): cnn.com
2017-03-22 12:44:38,687 requests.packages.urllib3.connectionpool INFO     Starting new HTTP connection (1): www.cnn.com
2017-03-22 12:44:39,026 requests.packages.urllib3.connectionpool INFO     Starting new HTTP connection (1): cnn.com
2017-03-22 12:44:39,171 requests.packages.urllib3.connectionpool INFO     Starting new HTTP connection (1): www.cnn.com
2017-03-22 12:44:39,479 requests.packages.urllib3.connectionpool INFO     Starting new HTTP connection (1): cnn.com
2017-03-22 12:44:39,629 requests.packages.urllib3.connectionpool INFO     Starting new HTTP connection (1): www.cnn.com
2017-03-22 12:44:39,999 requests.packages.urllib3.connectionpool INFO     Starting new HTTP connection (1): cnn.com
2017-03-22 12:44:40,140 requests.packages.urllib3.connectionpool INFO     Starting new HTTP connection (1): www.cnn.com
2017-03-22 12:44:40,382 requests.packages.urllib3.connectionpool INFO     Starting new HTTP connection (1): cnn.com
2017-03-22 12:44:40,526 requests.packages.urllib3.connectionpool INFO     Starting new HTTP connection (1): www.cnn.com
2017-03-22 12:44:40,913 requests.packages.urllib3.connectionpool INFO     Starting new HTTP connection (1): cnn.com
2017-03-22 12:44:41,053 requests.packages.urllib3.connectionpool INFO     Starting new HTTP connection (1): www.cnn.com
2017-03-22 12:44:41,553 requests.packages.urllib3.connectionpool INFO     Starting new HTTP connection (1): transcripts.cnn.com
2017-03-22 12:44:41,835 requests.packages.urllib3.connectionpool INFO     Starting new HTTP connection (1): cnn.com
2017-03-22 12:44:41,901 requests.packages.urllib3.connectionpool INFO     Starting new HTTP connection (1): www.cnn.com
2017-03-22 12:44:41,974 requests.packages.urllib3.connectionpool INFO     Starting new HTTP connection (1): www.cnn.com
2017-03-22 12:44:42,156 requests.packages.urllib3.connectionpool INFO     Starting new HTTP connection (1): cnn.com
2017-03-22 12:44:42,318 requests.packages.urllib3.connectionpool INFO     Starting new HTTP connection (1): www.cnn.com
2017-03-22 12:44:42,330 requests.packages.urllib3.connectionpool INFO     Starting new HTTP connection (1): cnn.com
2017-03-22 12:44:42,466 requests.packages.urllib3.connectionpool INFO     Starting new HTTP connection (1): www.cnn.com
2017-03-22 12:44:42,639 requests.packages.urllib3.connectionpool INFO     Starting new HTTP connection (1): cnn.com
2017-03-22 12:44:42,700 requests.packages.urllib3.connectionpool INFO     Starting new HTTP connection (1): cnn.com
2017-03-22 12:44:42,786 requests.packages.urllib3.connectionpool INFO     Starting new HTTP connection (1): www.cnn.com
2017-03-22 12:44:42,853 requests.packages.urllib3.connectionpool INFO     Starting new HTTP connection (1): www.cnn.com
2017-03-22 12:44:43,038 requests.packages.urllib3.connectionpool INFO     Starting new HTTP connection (1): cnn.com
2017-03-22 12:44:43,092 requests.packages.urllib3.connectionpool INFO     Starting new HTTP connection (1): imagesource.cnn.com
2017-03-22 12:44:43,197 requests.packages.urllib3.connectionpool INFO     Starting new HTTP connection (1): www.cnn.com
2017-03-22 12:44:43,287 requests.packages.urllib3.connectionpool INFO     Starting new HTTP connection (1): collection.cnn.com
2017-03-22 12:44:43,470 requests.packages.urllib3.connectionpool INFO     Starting new HTTP connection (1): cnn.com
2017-03-22 12:44:43,633 requests.packages.urllib3.connectionpool INFO     Starting new HTTP connection (1): www.cnn.com
2017-03-22 12:44:43,945 requests.packages.urllib3.connectionpool INFO     Starting new HTTP connection (1): money.cnn.com
2017-03-22 12:44:44,205 requests.packages.urllib3.connectionpool INFO     Starting new HTTP connection (1): cnn.com
2017-03-22 12:44:44,356 requests.packages.urllib3.connectionpool INFO     Starting new HTTP connection (1): www.cnn.com
2017-03-22 12:44:44,670 requests.packages.urllib3.connectionpool INFO     Starting new HTTP connection (1): cnn.com
2017-03-22 12:44:44,821 requests.packages.urllib3.connectionpool INFO     Starting new HTTP connection (1): www.cnn.com
2017-03-22 12:44:45,024 requests.packages.urllib3.connectionpool INFO     Starting new HTTP connection (1): cnn.com
2017-03-22 12:44:45,108 requests.packages.urllib3.connectionpool INFO     Starting new HTTP connection (1): cnn.com
2017-03-22 12:44:45,166 requests.packages.urllib3.connectionpool INFO     Starting new HTTP connection (1): www.cnn.com
2017-03-22 12:44:45,251 requests.packages.urllib3.connectionpool INFO     Starting new HTTP connection (1): www.cnn.com
2017-03-22 12:44:45,425 requests.packages.urllib3.connectionpool INFO     Starting new HTTP connection (1): cnn.com
2017-03-22 12:44:45,580 requests.packages.urllib3.connectionpool INFO     Starting new HTTP connection (1): www.cnn.com
2017-03-22 12:44:46,866 requests.packages.urllib3.connectionpool INFO     Starting new HTTP connection (1): rss.cnn.com
2017-03-22 12:44:46,875 requests.packages.urllib3.connectionpool INFO     Starting new HTTP connection (1): rss.cnn.com
2017-03-22 12:44:49,146 root         ERROR    Test error to log before looks at scraped articles
2017-03-22 12:44:54,171 requests.packages.urllib3.connectionpool INFO     Starting new HTTP connection (1): cnn.com
2017-03-22 12:44:54,318 requests.packages.urllib3.connectionpool INFO     Starting new HTTP connection (1): www.cnn.com
2017-03-22 12:44:56,176 root         ERROR    ___Rejected article for being too short___
2017-03-22 12:45:00,181 root         ERROR    ::Exception:Scrapping error for site: CNN::
2017-03-22 12:45:00,185 root         ERROR    ::Exception: list index out of range::
2017-03-22 12:45:00,204 requests.packages.urllib3.connectionpool INFO     Starting new HTTP connection (1): bbc.com
2017-03-22 12:45:00,670 requests.packages.urllib3.connectionpool INFO     Starting new HTTP connection (1): www.bbc.com
2017-03-22 12:45:01,146 requests.packages.urllib3.connectionpool INFO     Starting new HTTP connection (1): bbc.com
2017-03-22 12:45:01,151 requests.packages.urllib3.connectionpool INFO     Starting new HTTP connection (1): bbc.com
2017-03-22 12:45:01,501 requests.packages.urllib3.connectionpool INFO     Starting new HTTP connection (1): www.bbc.com
2017-03-22 12:45:01,518 requests.packages.urllib3.connectionpool INFO     Starting new HTTP connection (1): www.bbc.com
2017-03-22 12:45:01,802 requests.packages.urllib3.connectionpool INFO     Starting new HTTP connection (1): www.bbc.co.uk
2017-03-22 12:45:01,989 requests.packages.urllib3.connectionpool INFO     Starting new HTTP connection (1): bbc.com
2017-03-22 12:45:02,442 requests.packages.urllib3.connectionpool INFO     Starting new HTTP connection (1): www.bbc.com
2017-03-22 12:45:02,750 requests.packages.urllib3.connectionpool INFO     Starting new HTTP connection (1): www.bbc.co.uk
2017-03-22 12:45:03,600 requests.packages.urllib3.connectionpool INFO     Starting new HTTP connection (1): www.bbc.co.uk
2017-03-22 12:45:04,314 requests.packages.urllib3.connectionpool INFO     Starting new HTTP connection (1): bbc.com
2017-03-22 12:45:04,681 requests.packages.urllib3.connectionpool INFO     Starting new HTTP connection (1): www.bbc.com
2017-03-22 12:45:05,056 requests.packages.urllib3.connectionpool INFO     Starting new HTTP connection (1): www.bbc.co.uk
2017-03-22 12:45:05,720 requests.packages.urllib3.connectionpool INFO     Starting new HTTP connection (1): www.bbc.com
2017-03-22 12:45:05,746 requests.packages.urllib3.connectionpool INFO     Starting new HTTP connection (1): bbc.com
2017-03-22 12:45:05,954 requests.packages.urllib3.connectionpool INFO     Starting new HTTP connection (1): bbc.com
2017-03-22 12:45:06,086 requests.packages.urllib3.connectionpool INFO     Starting new HTTP connection (1): www.bbc.com
2017-03-22 12:45:06,299 requests.packages.urllib3.connectionpool INFO     Starting new HTTP connection (1): www.bbc.com
2017-03-22 12:45:06,386 requests.packages.urllib3.connectionpool INFO     Starting new HTTP connection (1): www.bbc.co.uk
2017-03-22 12:45:06,603 requests.packages.urllib3.connectionpool INFO     Starting new HTTP connection (1): www.bbc.co.uk
2017-03-22 12:45:07,046 requests.packages.urllib3.connectionpool INFO     Starting new HTTP connection (1): bbc.com
2017-03-22 12:45:07,390 requests.packages.urllib3.connectionpool INFO     Starting new HTTP connection (1): www.bbc.com
2017-03-22 12:45:07,770 requests.packages.urllib3.connectionpool INFO     Starting new HTTP connection (1): www.bbc.co.uk
2017-03-22 12:45:08,183 requests.packages.urllib3.connectionpool INFO     Starting new HTTP connection (1): news.bbc.co.uk
2017-03-22 12:45:09,578 requests.packages.urllib3.connectionpool INFO     Starting new HTTP connection (1): bbc.com
2017-03-22 12:45:09,590 requests.packages.urllib3.connectionpool INFO     Starting new HTTP connection (1): bbc.com
2017-03-22 12:45:09,946 requests.packages.urllib3.connectionpool INFO     Starting new HTTP connection (1): www.bbc.com
2017-03-22 12:45:09,949 requests.packages.urllib3.connectionpool INFO     Starting new HTTP connection (1): www.bbc.com
2017-03-22 12:45:10,371 requests.packages.urllib3.connectionpool INFO     Starting new HTTP connection (1): bbc.com
2017-03-22 12:45:10,803 requests.packages.urllib3.connectionpool INFO     Starting new HTTP connection (1): www.bbc.com
2017-03-22 12:45:11,111 requests.packages.urllib3.connectionpool INFO     Starting new HTTP connection (1): www.bbc.co.uk
2017-03-22 12:45:11,792 requests.packages.urllib3.connectionpool INFO     Starting new HTTP connection (1): bbc.com
2017-03-22 12:45:12,266 requests.packages.urllib3.connectionpool INFO     Starting new HTTP connection (1): www.bbc.com
2017-03-22 12:45:13,300 requests.packages.urllib3.connectionpool INFO     Starting new HTTPS connection (1): www.bbc.com
2017-03-22 12:45:13,822 requests.packages.urllib3.connectionpool INFO     Starting new HTTP connection (1): www.bbc.com
2017-03-22 12:45:14,038 requests.packages.urllib3.connectionpool INFO     Starting new HTTP connection (1): bbc.com
2017-03-22 12:45:14,074 requests.packages.urllib3.connectionpool INFO     Starting new HTTP connection (1): bbc.com
2017-03-22 12:45:14,381 requests.packages.urllib3.connectionpool INFO     Starting new HTTP connection (1): www.bbc.com
2017-03-22 12:45:14,421 requests.packages.urllib3.connectionpool INFO     Starting new HTTP connection (1): www.bbc.com
2017-03-22 12:45:14,714 requests.packages.urllib3.connectionpool INFO     Starting new HTTP connection (1): bbc.com
2017-03-22 12:45:14,876 requests.packages.urllib3.connectionpool INFO     Starting new HTTP connection (1): bbc.com
2017-03-22 12:45:15,046 requests.packages.urllib3.connectionpool INFO     Starting new HTTP connection (1): www.bbc.com
2017-03-22 12:45:15,223 requests.packages.urllib3.connectionpool INFO     Starting new HTTP connection (1): www.bbc.com
2017-03-22 12:45:15,401 requests.packages.urllib3.connectionpool INFO     Starting new HTTP connection (1): www.bbc.co.uk
2017-03-22 12:45:15,608 requests.packages.urllib3.connectionpool INFO     Starting new HTTP connection (1): www.bbc.co.uk
2017-03-22 12:45:15,875 requests.packages.urllib3.connectionpool INFO     Starting new HTTP connection (1): bbc.com
2017-03-22 12:45:16,119 requests.packages.urllib3.connectionpool INFO     Starting new HTTP connection (1): bbc.com
2017-03-22 12:45:16,217 requests.packages.urllib3.connectionpool INFO     Starting new HTTP connection (1): www.bbc.com
2017-03-22 12:45:16,445 requests.packages.urllib3.connectionpool INFO     Starting new HTTP connection (1): www.bbc.com
2017-03-22 12:45:16,495 requests.packages.urllib3.connectionpool INFO     Starting new HTTP connection (1): www.bbc.co.uk
2017-03-22 12:45:16,731 requests.packages.urllib3.connectionpool INFO     Starting new HTTP connection (1): www.bbc.co.uk
2017-03-22 12:45:16,948 requests.packages.urllib3.connectionpool INFO     Starting new HTTP connection (1): bbc.com
2017-03-22 12:45:17,175 requests.packages.urllib3.connectionpool INFO     Starting new HTTP connection (1): bbc.com
2017-03-22 12:45:17,294 requests.packages.urllib3.connectionpool INFO     Starting new HTTP connection (1): www.bbc.com
2017-03-22 12:45:17,528 requests.packages.urllib3.connectionpool INFO     Starting new HTTP connection (1): www.bbc.com
2017-03-22 12:45:17,591 requests.packages.urllib3.connectionpool INFO     Starting new HTTP connection (1): www.bbc.co.uk
2017-03-22 12:45:17,900 requests.packages.urllib3.connectionpool INFO     Starting new HTTP connection (1): www.bbc.co.uk
2017-03-22 12:45:18,333 requests.packages.urllib3.connectionpool INFO     Starting new HTTP connection (1): bbc.com
2017-03-22 12:45:18,683 requests.packages.urllib3.connectionpool INFO     Starting new HTTP connection (1): www.bbc.com
2017-03-22 12:45:19,042 requests.packages.urllib3.connectionpool INFO     Starting new HTTP connection (1): www.bbc.co.uk
2017-03-22 12:45:19,164 requests.packages.urllib3.connectionpool INFO     Starting new HTTP connection (1): bbc.com
2017-03-22 12:45:19,580 requests.packages.urllib3.connectionpool INFO     Starting new HTTP connection (1): www.bbc.com
2017-03-22 12:45:19,890 requests.packages.urllib3.connectionpool INFO     Starting new HTTP connection (1): www.bbc.co.uk
2017-03-22 12:45:22,942 requests.packages.urllib3.connectionpool INFO     Starting new HTTP connection (1): feeds.bbci.co.uk
2017-03-22 12:45:22,946 requests.packages.urllib3.connectionpool INFO     Starting new HTTP connection (1): bbc.com
2017-03-22 12:45:23,337 requests.packages.urllib3.connectionpool INFO     Starting new HTTP connection (1): www.bbc.com
2017-03-22 12:45:23,643 requests.packages.urllib3.connectionpool INFO     Starting new HTTP connection (1): www.bbc.co.uk
2017-03-22 12:45:25,650 root         ERROR    Test error to log before looks at scraped articles
2017-03-22 12:45:30,676 requests.packages.urllib3.connectionpool INFO     Starting new HTTP connection (1): bbc.com
2017-03-22 12:45:31,443 requests.packages.urllib3.connectionpool INFO     Starting new HTTP connection (1): www.bbc.com
    Starting new HTTP connection (1): bbc.com
2017-03-22 12:45:31,443 requests.packages.urllib3.connectionpool INFO     Starting new HTTP connection (1): www.bbc.com
connection (1): bbc.com
2017-03-22 12:45:23,337 requests.packages.urllib3.connectionpool INFO     Starting new HTTP connection (1): www.bbc.com
2017-03-22 12:45:23,643 requests.packages.urllib3.connectionpool INFO     Starting new HTTP connection (1): www.bbc.co.uk
2017-03-22 12:45:25,650 root         ERROR    Test error to log before looks at scraped articles
2017-03-22 12:45:30,676 requests.packages.urllib3.connectionpool INFO     Starting new HTTP connection (1): bbc.com
2017-03-22 12:45:31,443 requests.packages.urllib3.connectionpool INFO     Starting new HTTP connection (1): www.bbc.com
